<?xml version="1.0" encoding="UTF-8"?>
<!-- Generated by org.testng.reporters.JUnitXMLReporter -->
<testsuite hostname="EIS0240" ignored="0" name="Test" tests="1" failures="1" timestamp="2021-06-15T19:39:47 EET" time="0.074" errors="0">
  <testcase name="SearchForItem" time="0.0" classname="com.souq.test.SearchTest">
    <failure type="org.testng.TestNGException" message="
Cannot inject @Test annotated Method [SearchForItem] with [class java.lang.String].
For more information on native dependency injection please refer to https://testng.org/doc/documentation-main.html#native-dependency-injection">
      <![CDATA[org.testng.TestNGException: 
Cannot inject @Test annotated Method [SearchForItem] with [class java.lang.String].
For more information on native dependency injection please refer to https://testng.org/doc/documentation-main.html#native-dependency-injection
at java.util.ArrayList.forEach(ArrayList.java:1259)
... Removed 26 stack frames]]>
    </failure>
  </testcase> <!-- SearchForItem -->
</testsuite> <!-- Test -->
