<?xml version="1.0" encoding="UTF-8"?>
<testng-results skipped="0" failed="0" ignored="0" total="1" passed="1">
  <reporter-output>
  </reporter-output>
  <suite name="Default suite" duration-ms="21450" started-at="2021-06-16T11:26:58 EET" finished-at="2021-06-16T11:27:20 EET">
    <groups>
    </groups>
    <test name="Default test" duration-ms="21450" started-at="2021-06-16T11:26:58 EET" finished-at="2021-06-16T11:27:20 EET">
      <class name="com.souq.test.SearchResultsTest">
        <test-method status="PASS" signature="startdriver(java.lang.String)[pri:0, instance:com.souq.test.SearchResultsTest@192d3247]" name="startdriver" is-config="true" duration-ms="13940" started-at="2021-06-16T11:26:44 EET" finished-at="2021-06-16T11:26:58 EET">
          <params>
            <param index="0">
              <value>
                <![CDATA[chrome]]>
              </value>
            </param>
          </params>
          <reporter-output>
          </reporter-output>
        </test-method> <!-- startdriver -->
        <test-method status="PASS" signature="printAndExportSearchListToJson()[pri:0, instance:com.souq.test.SearchResultsTest@192d3247]" name="printAndExportSearchListToJson" duration-ms="21343" started-at="2021-06-16T11:26:59 EET" finished-at="2021-06-16T11:27:20 EET">
          <reporter-output>
          </reporter-output>
        </test-method> <!-- printAndExportSearchListToJson -->
        <test-method status="PASS" signature="ScreenShotonFailureandclosedriver(org.testng.ITestResult)[pri:0, instance:com.souq.test.SearchResultsTest@192d3247]" name="ScreenShotonFailureandclosedriver" is-config="true" duration-ms="1" started-at="2021-06-16T11:27:20 EET" finished-at="2021-06-16T11:27:20 EET">
          <params>
            <param index="0">
              <value>
                <![CDATA[[TestResult name=printAndExportSearchListToJson status=SUCCESS method=SearchResultsTest.printAndExportSearchListToJson()[pri:0, instance:com.souq.test.SearchResultsTest@192d3247] output={null}]]]>
              </value>
            </param>
          </params>
          <reporter-output>
          </reporter-output>
        </test-method> <!-- ScreenShotonFailureandclosedriver -->
        <test-method status="PASS" signature="teardown()[pri:0, instance:com.souq.test.SearchResultsTest@192d3247]" name="teardown" is-config="true" duration-ms="990" started-at="2021-06-16T11:27:20 EET" finished-at="2021-06-16T11:27:21 EET">
          <reporter-output>
          </reporter-output>
        </test-method> <!-- teardown -->
      </class> <!-- com.souq.test.SearchResultsTest -->
    </test> <!-- Default test -->
  </suite> <!-- Default suite -->
</testng-results>
